TN:
SF:src/index.ts
FN:4,registerLogger
FN:8,registerFetch
FNF:2
FNH:2
FNDA:3,registerLogger
FNDA:3,registerFetch
DA:1,1
DA:2,1
DA:4,1
DA:5,3
DA:8,1
DA:9,3
DA:12,1
DA:13,1
DA:14,1
DA:15,1
DA:16,1
DA:17,1
DA:18,1
DA:19,1
DA:20,1
DA:21,1
DA:22,1
DA:23,1
DA:24,1
DA:25,1
DA:26,1
DA:28,1
DA:30,1
DA:31,1
DA:32,1
DA:34,1
DA:35,1
DA:36,1
DA:38,1
DA:39,1
DA:41,1
LF:31
LH:31
BRF:0
BRH:0
end_of_record
TN:
SF:src/chain/tezos/TezosContractIntrospector.ts
FN:11,(anonymous_8)
FN:18,generateEntryPointsFromParams
FN:37,generateEntryPointsFromCode
FN:50,generateEntryPointsFromAddress
FNF:4
FNH:4
FNDA:1,(anonymous_8)
FNDA:1,generateEntryPointsFromParams
FNDA:1,generateEntryPointsFromCode
FNDA:1,generateEntryPointsFromAddress
DA:1,1
DA:2,1
DA:5,1
DA:6,1
DA:11,1
DA:18,1
DA:19,1
DA:20,1
DA:22,1
DA:24,1
DA:25,1
DA:28,1
DA:37,1
DA:38,1
DA:39,1
DA:50,1
DA:51,1
DA:52,1
DA:53,1
LF:19
LH:19
BRDA:24,0,0,1
BRDA:24,0,1,0
BRDA:11,1,0,1
BRDA:11,1,1,1
BRF:4
BRH:3
end_of_record
TN:
SF:src/chain/tezos/TezosLanguageUtil.ts
FN:13,(anonymous_1)
FN:19,hexToMicheline
FN:155,hexToMichelson
FN:294,translateMichelsonToMicheline
FN:296,(anonymous_5)
FN:304,translateParameterMichelsonToMicheline
FN:314,translateMichelsonToHex
FN:316,(anonymous_8)
FN:317,(anonymous_9)
FN:318,(anonymous_10)
FN:321,preProcessMicheline
FN:331,getSection
FN:347,translateMichelineToHex
FN:356,michelineHexToString
FN:372,hexToMichelineKeyword
FN:376,hexToMichelsonKeyword
FN:387,michelineHexToAnnotations
FN:389,(anonymous_18)
FN:395,preProcessMichelsonScript
FN:401,(anonymous_20)
FN:402,(anonymous_21)
FN:403,(anonymous_22)
FN:404,(anonymous_23)
FN:408,(anonymous_24)
FN:408,(anonymous_25)
FN:408,(anonymous_26)
FN:414,normalizeMichelineWhiteSpace
FN:435,normalizeMichelsonWhiteSpace
FN:446,stripComments
FN:447,(anonymous_30)
FN:447,(anonymous_31)
FNF:31
FNH:31
FNDA:1,(anonymous_1)
FNDA:85,hexToMicheline
FNDA:150,hexToMichelson
FNDA:83,translateMichelsonToMicheline
FNDA:249,(anonymous_5)
FNDA:1,translateParameterMichelsonToMicheline
FNDA:1,translateMichelsonToHex
FNDA:2,(anonymous_8)
FNDA:2,(anonymous_9)
FNDA:2,(anonymous_10)
FNDA:1,preProcessMicheline
FNDA:2,getSection
FNDA:27,translateMichelineToHex
FNDA:22,michelineHexToString
FNDA:48,hexToMichelineKeyword
FNDA:70,hexToMichelsonKeyword
FNDA:4,michelineHexToAnnotations
FNDA:6,(anonymous_18)
FNDA:84,preProcessMichelsonScript
FNDA:169,(anonymous_20)
FNDA:85,(anonymous_21)
FNDA:167,(anonymous_22)
FNDA:252,(anonymous_23)
FNDA:252,(anonymous_24)
FNDA:6813,(anonymous_25)
FNDA:6813,(anonymous_26)
FNDA:76,normalizeMichelineWhiteSpace
FNDA:10,normalizeMichelsonWhiteSpace
FNDA:1,stripComments
FNDA:1,(anonymous_30)
FNDA:1,(anonymous_31)
DA:1,1
DA:2,1
DA:3,1
DA:5,1
DA:8,1
DA:13,1
DA:19,1
DA:20,85
DA:21,84
DA:22,84
DA:23,84
DA:24,84
DA:26,84
DA:28,17
DA:29,17
DA:30,17
DA:31,17
DA:34,8
DA:35,8
DA:36,8
DA:37,8
DA:40,9
DA:41,9
DA:42,9
DA:43,9
DA:44,9
DA:45,24
DA:46,24
DA:47,24
DA:48,24
DA:50,9
DA:51,0
DA:53,9
DA:55,9
DA:58,25
DA:59,25
DA:60,25
DA:63,1
DA:64,1
DA:66,1
DA:67,1
DA:68,1
DA:69,1
DA:72,16
DA:73,16
DA:74,16
DA:75,16
DA:76,16
DA:77,16
DA:80,1
DA:81,1
DA:83,1
DA:84,1
DA:85,1
DA:87,1
DA:88,1
DA:89,1
DA:90,1
DA:93,2
DA:94,2
DA:96,2
DA:97,2
DA:98,2
DA:99,2
DA:100,2
DA:101,2
DA:102,2
DA:104,2
DA:105,2
DA:108,1
DA:109,1
DA:111,1
DA:112,1
DA:113,1
DA:114,1
DA:115,1
DA:117,1
DA:118,1
DA:119,1
DA:120,1
DA:123,2
DA:124,2
DA:126,2
DA:127,2
DA:128,2
DA:130,2
DA:131,1
DA:132,1
DA:133,1
DA:135,1
DA:137,1
DA:138,1
DA:140,2
DA:143,1
DA:144,1
DA:145,1
DA:146,1
DA:147,1
DA:149,1
DA:152,83
DA:155,1
DA:156,150
DA:157,150
DA:158,150
DA:159,150
DA:160,150
DA:162,150
DA:164,70
DA:165,70
DA:166,70
DA:167,70
DA:170,10
DA:171,10
DA:172,10
DA:173,10
DA:176,0
DA:177,0
DA:178,0
DA:179,0
DA:180,0
DA:181,0
DA:182,0
DA:183,0
DA:184,0
DA:186,0
DA:187,0
DA:189,0
DA:191,0
DA:194,0
DA:195,0
DA:196,0
DA:199,0
DA:200,0
DA:202,0
DA:203,0
DA:204,0
DA:205,0
DA:208,0
DA:209,0
DA:210,0
DA:211,0
DA:212,0
DA:213,0
DA:216,0
DA:217,0
DA:219,0
DA:220,0
DA:221,0
DA:223,0
DA:224,0
DA:225,0
DA:226,0
DA:229,70
DA:230,70
DA:232,70
DA:233,70
DA:234,70
DA:235,70
DA:236,70
DA:237,70
DA:238,70
DA:240,70
DA:241,70
DA:244,0
DA:245,0
DA:247,0
DA:248,0
DA:249,0
DA:250,0
DA:251,0
DA:253,0
DA:254,0
DA:255,0
DA:256,0
DA:259,0
DA:260,0
DA:262,0
DA:263,0
DA:264,0
DA:266,0
DA:267,0
DA:268,0
DA:269,0
DA:271,0
DA:273,0
DA:274,0
DA:276,0
DA:279,0
DA:280,0
DA:281,0
DA:282,0
DA:283,0
DA:285,0
DA:288,150
DA:294,1
DA:295,83
DA:296,249
DA:298,83
DA:304,1
DA:305,1
DA:314,1
DA:315,1
DA:316,2
DA:317,2
DA:318,2
DA:322,1
DA:323,1
DA:325,1
DA:326,1
DA:328,1
DA:332,2
DA:333,2
DA:335,2
DA:336,5
DA:337,2
DA:341,0
DA:347,1
DA:348,27
DA:349,27
DA:350,27
DA:357,22
DA:358,22
DA:359,22
DA:360,22
DA:361,22
DA:362,22
DA:373,48
DA:377,70
DA:388,4
DA:389,6
DA:395,1
DA:396,84
DA:397,84
DA:398,84
DA:399,84
DA:401,169
DA:402,85
DA:403,167
DA:404,252
DA:406,84
DA:408,6813
DA:414,1
DA:415,76
DA:435,1
DA:436,10
DA:446,1
DA:447,1
LF:247
LH:178
BRDA:20,0,0,1
BRDA:20,0,1,84
BRDA:27,1,0,17
BRDA:27,1,1,8
BRDA:27,1,2,9
BRDA:27,1,3,25
BRDA:27,1,4,1
BRDA:27,1,5,16
BRDA:27,1,6,1
BRDA:27,1,7,2
BRDA:27,1,8,1
BRDA:27,1,9,2
BRDA:27,1,10,1
BRDA:27,1,11,1
BRDA:50,2,0,0
BRDA:50,2,1,9
BRDA:130,3,0,1
BRDA:130,3,1,1
BRDA:132,4,0,1
BRDA:132,4,1,0
BRDA:156,5,0,0
BRDA:156,5,1,150
BRDA:163,6,0,70
BRDA:163,6,1,10
BRDA:163,6,2,0
BRDA:163,6,3,0
BRDA:163,6,4,0
BRDA:163,6,5,0
BRDA:163,6,6,0
BRDA:163,6,7,70
BRDA:163,6,8,0
BRDA:163,6,9,0
BRDA:163,6,10,0
BRDA:163,6,11,0
BRDA:186,7,0,0
BRDA:186,7,1,0
BRDA:266,8,0,0
BRDA:266,8,1,0
BRDA:268,9,0,0
BRDA:268,9,1,0
BRDA:333,10,0,0
BRDA:333,10,1,2
BRDA:336,11,0,2
BRDA:336,11,1,3
BRDA:13,12,0,1
BRDA:13,12,1,1
BRF:46
BRH:27
end_of_record
TN:
SF:src/chain/tezos/TezosMessageCodec.ts
FN:23,(anonymous_0)
FN:25,(anonymous_1)
FN:30,getOperationType
FN:38,idFirstOperation
FN:49,parseOperation
FN:85,encodeOperation
FN:110,encodeActivation
FN:124,parseBallot
FN:179,encodeBallot
FN:195,parseReveal
FN:264,encodeReveal
FN:284,parseTransaction
FN:407,encodeTransaction
FN:442,(anonymous_13)
FN:464,parseOrigination
FN:589,encodeOrigination
FN:613,(anonymous_16)
FN:614,(anonymous_17)
FN:615,(anonymous_18)
FN:627,parseDelegation
FN:702,encodeDelegation
FN:727,parseOperationGroup
FNF:22
FNH:21
FNDA:15,(anonymous_0)
FNDA:1,(anonymous_1)
FNDA:42,getOperationType
FNDA:10,idFirstOperation
FNDA:24,parseOperation
FNDA:4,encodeOperation
FNDA:1,encodeActivation
FNDA:3,parseBallot
FNDA:1,encodeBallot
FNDA:6,parseReveal
FNDA:2,encodeReveal
FNDA:9,parseTransaction
FNDA:3,encodeTransaction
FNDA:0,(anonymous_13)
FNDA:4,parseOrigination
FNDA:3,encodeOrigination
FNDA:4,(anonymous_16)
FNDA:4,(anonymous_17)
FNDA:4,(anonymous_18)
FNDA:4,parseDelegation
FNDA:3,encodeDelegation
FNDA:10,parseOperationGroup
DA:1,1
DA:2,1
DA:5,1
DA:23,15
DA:25,1
DA:30,1
DA:31,42
DA:38,1
DA:39,10
DA:49,1
DA:50,24
DA:52,1
DA:54,1
DA:56,1
DA:58,1
DA:60,1
DA:62,1
DA:64,3
DA:66,3
DA:68,8
DA:70,1
DA:72,2
DA:74,1
DA:85,1
DA:86,4
DA:87,0
DA:90,4
DA:91,3
DA:92,3
DA:93,3
DA:94,3
DA:95,1
DA:98,2
DA:99,1
DA:102,1
DA:110,1
DA:111,1
DA:112,1
DA:113,1
DA:115,1
DA:124,1
DA:125,3
DA:126,3
DA:127,1
DA:130,2
DA:131,2
DA:132,2
DA:133,1
DA:134,1
DA:136,1
DA:139,2
DA:140,2
DA:142,2
DA:143,2
DA:145,2
DA:146,2
DA:148,2
DA:149,2
DA:152,2
DA:153,1
DA:156,2
DA:164,2
DA:171,2
DA:179,1
DA:180,1
DA:181,1
DA:182,1
DA:183,1
DA:184,1
DA:186,1
DA:195,1
DA:196,6
DA:197,6
DA:198,1
DA:201,5
DA:202,5
DA:203,5
DA:204,5
DA:205,5
DA:207,0
DA:210,5
DA:211,5
DA:212,4
DA:213,4
DA:215,1
DA:216,1
DA:219,5
DA:221,5
DA:222,5
DA:224,5
DA:225,5
DA:227,5
DA:228,5
DA:229,5
DA:231,5
DA:232,5
DA:235,5
DA:236,3
DA:239,5
DA:249,5
DA:256,5
DA:264,1
DA:265,2
DA:267,1
DA:268,1
DA:269,1
DA:270,1
DA:271,1
DA:272,1
DA:273,1
DA:275,1
DA:284,1
DA:285,9
DA:286,9
DA:287,1
DA:290,8
DA:291,8
DA:292,8
DA:293,6
DA:294,6
DA:296,2
DA:299,8
DA:300,8
DA:301,5
DA:302,5
DA:304,3
DA:305,3
DA:308,8
DA:310,8
DA:311,8
DA:313,8
DA:314,8
DA:316,8
DA:317,8
DA:319,8
DA:320,8
DA:322,8
DA:323,8
DA:324,8
DA:326,8
DA:327,8
DA:328,8
DA:330,8
DA:331,1
DA:332,1
DA:333,1
DA:334,1
DA:335,1
DA:336,1
DA:337,7
DA:338,2
DA:339,2
DA:341,2
DA:342,2
DA:343,1
DA:344,1
DA:346,1
DA:347,1
DA:348,1
DA:349,1
DA:350,0
DA:351,0
DA:352,0
DA:353,0
DA:354,0
DA:355,0
DA:356,0
DA:357,0
DA:360,2
DA:361,2
DA:362,2
DA:363,2
DA:364,2
DA:365,2
DA:367,2
DA:371,8
DA:372,0
DA:375,8
DA:387,8
DA:394,8
DA:407,1
DA:408,3
DA:410,2
DA:411,2
DA:412,2
DA:413,2
DA:414,2
DA:415,2
DA:416,2
DA:417,2
DA:419,2
DA:420,1
DA:421,1
DA:422,1
DA:424,1
DA:425,1
DA:427,0
DA:429,0
DA:430,0
DA:431,0
DA:432,0
DA:433,0
DA:434,0
DA:435,0
DA:436,0
DA:437,0
DA:438,0
DA:440,0
DA:442,0
DA:445,0
DA:446,0
DA:448,0
DA:452,1
DA:455,2
DA:464,1
DA:465,4
DA:466,4
DA:467,1
DA:470,3
DA:471,3
DA:472,3
DA:473,3
DA:474,3
DA:476,0
DA:479,3
DA:480,3
DA:481,2
DA:482,2
DA:484,1
DA:485,1
DA:488,3
DA:490,3
DA:491,3
DA:493,3
DA:494,3
DA:496,3
DA:497,3
DA:498,3
DA:500,3
DA:501,3
DA:502,2
DA:503,2
DA:506,3
DA:507,3
DA:509,3
DA:510,3
DA:511,3
DA:512,2
DA:513,2
DA:515,2
DA:516,2
DA:519,3
DA:521,3
DA:522,3
DA:523,3
DA:524,3
DA:525,3
DA:528,3
DA:529,3
DA:530,2
DA:531,2
DA:534,3
DA:535,3
DA:536,2
DA:537,2
DA:539,2
DA:540,2
DA:542,2
DA:543,2
DA:545,2
DA:546,2
DA:548,2
DA:552,3
DA:553,1
DA:556,3
DA:568,3
DA:569,2
DA:570,2
DA:571,2
DA:574,3
DA:581,3
DA:589,1
DA:590,3
DA:592,2
DA:593,2
DA:594,2
DA:595,2
DA:596,2
DA:597,2
DA:598,2
DA:600,2
DA:601,1
DA:602,1
DA:604,1
DA:607,2
DA:608,2
DA:609,2
DA:610,2
DA:612,2
DA:613,4
DA:614,4
DA:615,4
DA:618,2
DA:627,1
DA:628,4
DA:629,4
DA:630,1
DA:633,3
DA:634,3
DA:635,3
DA:636,1
DA:637,1
DA:639,2
DA:642,3
DA:643,3
DA:644,3
DA:645,3
DA:647,0
DA:648,0
DA:651,3
DA:653,3
DA:654,3
DA:656,3
DA:657,3
DA:659,3
DA:660,3
DA:662,3
DA:663,3
DA:665,3
DA:666,3
DA:667,3
DA:668,3
DA:669,3
DA:673,3
DA:674,1
DA:677,3
DA:687,3
DA:694,3
DA:702,1
DA:703,3
DA:705,2
DA:706,2
DA:707,2
DA:708,2
DA:709,2
DA:710,2
DA:712,2
DA:713,1
DA:714,1
DA:716,1
DA:719,2
DA:727,1
DA:728,10
DA:729,10
DA:731,10
DA:732,10
DA:733,10
DA:734,5
DA:735,5
DA:737,5
DA:740,10
LF:361
LH:331
BRDA:23,0,0,15
BRDA:23,0,1,0
BRDA:23,1,0,0
BRDA:23,1,1,15
BRDA:31,2,0,42
BRDA:31,2,1,1
BRDA:49,3,0,12
BRDA:51,4,0,1
BRDA:51,4,1,1
BRDA:51,4,2,1
BRDA:51,4,3,1
BRDA:51,4,4,1
BRDA:51,4,5,1
BRDA:51,4,6,3
BRDA:51,4,7,3
BRDA:51,4,8,8
BRDA:51,4,9,1
BRDA:51,4,10,2
BRDA:51,4,11,1
BRDA:86,5,0,0
BRDA:86,5,1,4
BRDA:86,6,0,4
BRDA:86,6,1,0
BRDA:90,7,0,3
BRDA:90,7,1,1
BRDA:92,8,0,0
BRDA:92,8,1,3
BRDA:93,9,0,0
BRDA:93,9,1,3
BRDA:94,10,0,2
BRDA:94,10,1,1
BRDA:95,11,0,0
BRDA:95,11,1,1
BRDA:98,12,0,1
BRDA:98,12,1,1
BRDA:124,13,0,0
BRDA:125,14,0,2
BRDA:125,14,1,1
BRDA:126,15,0,1
BRDA:126,15,1,2
BRDA:132,16,0,1
BRDA:132,16,1,1
BRDA:152,17,0,1
BRDA:152,17,1,1
BRDA:168,18,0,1
BRDA:168,18,1,1
BRDA:195,19,0,2
BRDA:196,20,0,5
BRDA:196,20,1,1
BRDA:197,21,0,1
BRDA:197,21,1,5
BRDA:203,22,0,5
BRDA:203,22,1,0
BRDA:211,23,0,4
BRDA:211,23,1,1
BRDA:235,24,0,3
BRDA:235,24,1,2
BRDA:253,25,0,3
BRDA:253,25,1,2
BRDA:265,26,0,1
BRDA:265,26,1,1
BRDA:284,27,0,1
BRDA:285,28,0,7
BRDA:285,28,1,2
BRDA:286,29,0,1
BRDA:286,29,1,8
BRDA:292,30,0,6
BRDA:292,30,1,2
BRDA:300,31,0,5
BRDA:300,31,1,3
BRDA:330,32,0,1
BRDA:330,32,1,7
BRDA:330,33,0,8
BRDA:330,33,1,3
BRDA:335,34,0,0
BRDA:335,34,1,1
BRDA:337,35,0,2
BRDA:337,35,1,5
BRDA:337,36,0,7
BRDA:337,36,1,2
BRDA:342,37,0,1
BRDA:342,37,1,1
BRDA:348,38,0,1
BRDA:348,38,1,0
BRDA:350,39,0,0
BRDA:350,39,1,0
BRDA:352,40,0,0
BRDA:352,40,1,0
BRDA:354,41,0,0
BRDA:354,41,1,0
BRDA:356,42,0,0
BRDA:356,42,1,0
BRDA:364,43,0,0
BRDA:364,43,1,2
BRDA:371,44,0,0
BRDA:371,44,1,8
BRDA:391,45,0,0
BRDA:391,45,1,8
BRDA:408,46,0,1
BRDA:408,46,1,2
BRDA:419,47,0,1
BRDA:419,47,1,1
BRDA:424,48,0,1
BRDA:424,48,1,0
BRDA:424,49,0,1
BRDA:424,49,1,0
BRDA:424,49,2,1
BRDA:429,50,0,0
BRDA:429,50,1,0
BRDA:429,51,0,0
BRDA:429,51,1,0
BRDA:431,52,0,0
BRDA:431,52,1,0
BRDA:433,53,0,0
BRDA:433,53,1,0
BRDA:435,54,0,0
BRDA:435,54,1,0
BRDA:437,55,0,0
BRDA:437,55,1,0
BRDA:445,56,0,0
BRDA:445,56,1,0
BRDA:464,57,0,3
BRDA:465,58,0,4
BRDA:465,58,1,0
BRDA:466,59,0,1
BRDA:466,59,1,3
BRDA:472,60,0,3
BRDA:472,60,1,0
BRDA:480,61,0,2
BRDA:480,61,1,1
BRDA:501,62,0,2
BRDA:501,62,1,1
BRDA:511,63,0,2
BRDA:511,63,1,1
BRDA:523,64,0,3
BRDA:523,64,1,0
BRDA:529,65,0,2
BRDA:529,65,1,1
BRDA:535,66,0,2
BRDA:535,66,1,1
BRDA:552,67,0,1
BRDA:552,67,1,2
BRDA:560,68,0,3
BRDA:560,68,1,0
BRDA:565,69,0,2
BRDA:565,69,1,1
BRDA:568,70,0,2
BRDA:568,70,1,1
BRDA:578,71,0,0
BRDA:578,71,1,3
BRDA:590,72,0,1
BRDA:590,72,1,2
BRDA:600,73,0,1
BRDA:600,73,1,1
BRDA:607,74,0,2
BRDA:607,74,1,0
BRDA:627,75,0,2
BRDA:628,76,0,2
BRDA:628,76,1,2
BRDA:629,77,0,1
BRDA:629,77,1,3
BRDA:635,78,0,1
BRDA:635,78,1,2
BRDA:643,79,0,3
BRDA:643,79,1,0
BRDA:667,80,0,3
BRDA:667,80,1,0
BRDA:673,81,0,1
BRDA:673,81,1,2
BRDA:680,82,0,3
BRDA:680,82,1,0
BRDA:691,83,0,1
BRDA:691,83,1,2
BRDA:703,84,0,1
BRDA:703,84,1,2
BRDA:712,85,0,1
BRDA:712,85,1,1
BRDA:712,86,0,2
BRDA:712,86,1,1
BRDA:25,87,0,1
BRDA:25,87,1,1
BRF:181
BRH:134
end_of_record
TN:
SF:src/chain/tezos/TezosMessageUtil.ts
FN:14,(anonymous_2)
FN:19,writeBoolean
FN:27,readBoolean
FN:35,writeInt
FN:38,(anonymous_6)
FN:45,writeSignedInt
FN:74,(anonymous_8)
FN:81,readInt
FN:83,(anonymous_10)
FN:87,readSignedInt
FN:90,(anonymous_12)
FN:108,findInt
FN:124,writeString
FN:126,(anonymous_15)
FN:131,readString
FN:151,readAddress
FN:178,readAddressWithHint
FN:202,writeAddress
FN:221,readBranch
FN:232,writeBranch
FN:242,readPublicKey
FN:260,writePublicKey
FN:278,readKeyWithHint
FN:296,writeKeyWithHint
FN:312,readSignatureWithHint
FN:332,writeSignatureWithHint
FN:350,readBufferWithHint
FN:371,writeBufferWithHint
FN:381,computeOperationHash
FN:393,computeKeyHash
FN:398,dataLength
FN:409,writePackedData
FN:455,readPackedData
FN:487,encodeBigMapKey
FN:497,simpleHash
FN:505,twoByteHex
FN:530,fromByteHex
FNF:37
FNH:35
FNDA:1,(anonymous_2)
FNDA:6,writeBoolean
FNDA:22,readBoolean
FNDA:50,writeInt
FNDA:90,(anonymous_6)
FNDA:10,writeSignedInt
FNDA:31,(anonymous_8)
FNDA:139,readInt
FNDA:238,(anonymous_10)
FNDA:92,readSignedInt
FNDA:361,(anonymous_12)
FNDA:175,findInt
FNDA:1,writeString
FNDA:18,(anonymous_15)
FNDA:1,readString
FNDA:49,readAddress
FNDA:6,readAddressWithHint
FNDA:19,writeAddress
FNDA:18,readBranch
FNDA:1,writeBranch
FNDA:7,readPublicKey
FNDA:2,writePublicKey
FNDA:2,readKeyWithHint
FNDA:4,writeKeyWithHint
FNDA:1,readSignatureWithHint
FNDA:0,writeSignatureWithHint
FNDA:5,readBufferWithHint
FNDA:1,writeBufferWithHint
FNDA:0,computeOperationHash
FNDA:1,computeKeyHash
FNDA:3,dataLength
FNDA:12,writePackedData
FNDA:21,readPackedData
FNDA:2,encodeBigMapKey
FNDA:3,simpleHash
FNDA:49,twoByteHex
FNDA:139,fromByteHex
DA:2,1
DA:3,1
DA:4,1
DA:7,1
DA:8,1
DA:9,1
DA:14,1
DA:19,1
DA:20,6
DA:27,1
DA:28,22
DA:35,1
DA:36,50
DA:38,90
DA:45,1
DA:46,10
DA:48,9
DA:49,9
DA:50,9
DA:51,9
DA:52,9
DA:53,29
DA:55,29
DA:56,9
DA:57,9
DA:59,20
DA:60,20
DA:63,29
DA:65,29
DA:66,29
DA:69,9
DA:70,2
DA:71,2
DA:74,31
DA:81,1
DA:83,238
DA:84,139
DA:87,1
DA:88,92
DA:90,361
DA:91,92
DA:92,92
DA:93,361
DA:94,92
DA:96,269
DA:100,92
DA:108,1
DA:109,175
DA:110,175
DA:111,175
DA:112,521
DA:113,521
DA:114,521
DA:115,521
DA:116,521
DA:118,521
DA:121,175
DA:124,1
DA:125,1
DA:126,18
DA:128,1
DA:131,1
DA:132,1
DA:133,1
DA:135,1
DA:137,1
DA:138,1
DA:139,18
DA:142,1
DA:151,1
DA:152,49
DA:154,48
DA:155,48
DA:157,48
DA:158,27
DA:159,21
DA:160,2
DA:161,19
DA:162,5
DA:163,14
DA:164,13
DA:166,1
DA:178,1
DA:179,6
DA:181,6
DA:182,2
DA:183,4
DA:184,1
DA:185,3
DA:186,1
DA:187,2
DA:188,1
DA:190,1
DA:202,1
DA:203,19
DA:204,19
DA:205,12
DA:206,7
DA:207,2
DA:208,5
DA:209,2
DA:210,3
DA:211,2
DA:213,1
DA:221,1
DA:222,18
DA:223,17
DA:232,1
DA:233,1
DA:242,1
DA:243,7
DA:245,6
DA:246,6
DA:247,5
DA:248,1
DA:249,0
DA:250,1
DA:251,0
DA:253,1
DA:260,1
DA:261,2
DA:262,1
DA:263,1
DA:264,0
DA:265,1
DA:266,0
DA:268,1
DA:278,1
DA:279,2
DA:281,2
DA:282,0
DA:283,2
DA:284,0
DA:286,2
DA:296,1
DA:297,4
DA:298,3
DA:302,1
DA:312,1
DA:313,1
DA:315,1
DA:316,0
DA:317,1
DA:318,0
DA:319,1
DA:320,0
DA:322,1
DA:332,1
DA:333,0
DA:334,0
DA:335,0
DA:336,0
DA:337,0
DA:338,0
DA:340,0
DA:350,1
DA:351,5
DA:353,5
DA:354,0
DA:355,5
DA:356,2
DA:357,3
DA:358,2
DA:359,1
DA:360,0
DA:362,1
DA:371,1
DA:372,1
DA:381,1
DA:382,0
DA:383,0
DA:393,1
DA:394,1
DA:395,1
DA:399,3
DA:409,1
DA:410,12
DA:412,5
DA:415,1
DA:418,1
DA:421,0
DA:422,0
DA:425,1
DA:426,1
DA:429,1
DA:430,1
DA:433,3
DA:434,3
DA:435,2
DA:436,1
DA:437,1
DA:438,1
DA:440,0
DA:443,0
DA:455,1
DA:456,21
DA:458,5
DA:461,1
DA:464,1
DA:467,1
DA:470,1
DA:473,1
DA:476,10
DA:479,1
DA:487,1
DA:488,2
DA:497,1
DA:498,3
DA:506,49
DA:508,28
DA:509,28
DA:510,2
DA:511,2
DA:512,11
DA:513,11
DA:516,26
DA:517,26
DA:518,58
DA:519,58
DA:523,28
DA:531,139
DA:533,63
DA:534,61
DA:536,61
DA:537,90
DA:540,61
DA:543,2
DA:545,2
DA:546,9
DA:549,2
LF:230
LH:206
BRDA:20,0,0,3
BRDA:20,0,1,3
BRDA:28,1,0,15
BRDA:28,1,1,7
BRDA:36,2,0,1
BRDA:36,2,1,49
BRDA:38,3,0,49
BRDA:38,3,1,41
BRDA:46,4,0,1
BRDA:46,4,1,9
BRDA:55,5,0,9
BRDA:55,5,1,20
BRDA:63,6,0,5
BRDA:63,6,1,24
BRDA:63,7,0,29
BRDA:63,7,1,13
BRDA:65,8,0,20
BRDA:65,8,1,9
BRDA:69,9,0,2
BRDA:69,9,1,7
BRDA:83,10,0,139
BRDA:83,10,1,99
BRDA:88,11,0,11
BRDA:88,11,1,81
BRDA:90,12,0,92
BRDA:90,12,1,269
BRDA:93,13,0,92
BRDA:93,13,1,269
BRDA:100,14,0,81
BRDA:100,14,1,11
BRDA:108,15,0,88
BRDA:118,16,0,174
BRDA:118,16,1,347
BRDA:121,17,0,87
BRDA:121,17,1,88
BRDA:133,18,0,0
BRDA:133,18,1,1
BRDA:152,19,0,1
BRDA:152,19,1,48
BRDA:152,20,0,49
BRDA:152,20,1,17
BRDA:154,21,0,32
BRDA:154,21,1,16
BRDA:155,22,0,32
BRDA:155,22,1,16
BRDA:157,23,0,27
BRDA:157,23,1,21
BRDA:159,24,0,2
BRDA:159,24,1,19
BRDA:161,25,0,5
BRDA:161,25,1,14
BRDA:163,26,0,13
BRDA:163,26,1,1
BRDA:163,27,0,14
BRDA:163,27,1,13
BRDA:179,28,0,0
BRDA:179,28,1,6
BRDA:181,29,0,2
BRDA:181,29,1,4
BRDA:183,30,0,1
BRDA:183,30,1,3
BRDA:185,31,0,1
BRDA:185,31,1,2
BRDA:187,32,0,1
BRDA:187,32,1,1
BRDA:204,33,0,12
BRDA:204,33,1,7
BRDA:206,34,0,2
BRDA:206,34,1,5
BRDA:208,35,0,2
BRDA:208,35,1,3
BRDA:210,36,0,2
BRDA:210,36,1,1
BRDA:222,37,0,1
BRDA:222,37,1,17
BRDA:243,38,0,1
BRDA:243,38,1,6
BRDA:243,39,0,7
BRDA:243,39,1,1
BRDA:246,40,0,5
BRDA:246,40,1,1
BRDA:248,41,0,0
BRDA:248,41,1,1
BRDA:248,42,0,1
BRDA:248,42,1,0
BRDA:250,43,0,0
BRDA:250,43,1,1
BRDA:250,44,0,1
BRDA:250,44,1,0
BRDA:261,45,0,1
BRDA:261,45,1,1
BRDA:263,46,0,0
BRDA:263,46,1,1
BRDA:265,47,0,0
BRDA:265,47,1,1
BRDA:279,48,0,0
BRDA:279,48,1,2
BRDA:281,49,0,0
BRDA:281,49,1,2
BRDA:283,50,0,0
BRDA:283,50,1,2
BRDA:297,51,0,3
BRDA:297,51,1,1
BRDA:297,52,0,4
BRDA:297,52,1,2
BRDA:313,53,0,0
BRDA:313,53,1,1
BRDA:315,54,0,0
BRDA:315,54,1,1
BRDA:315,55,0,1
BRDA:315,55,1,1
BRDA:317,56,0,0
BRDA:317,56,1,1
BRDA:317,57,0,1
BRDA:317,57,1,1
BRDA:319,58,0,0
BRDA:319,58,1,1
BRDA:319,59,0,1
BRDA:319,59,1,1
BRDA:333,60,0,0
BRDA:333,60,1,0
BRDA:333,61,0,0
BRDA:333,61,1,0
BRDA:335,62,0,0
BRDA:335,62,1,0
BRDA:335,63,0,0
BRDA:335,63,1,0
BRDA:337,64,0,0
BRDA:337,64,1,0
BRDA:337,65,0,0
BRDA:337,65,1,0
BRDA:351,66,0,0
BRDA:351,66,1,5
BRDA:353,67,0,0
BRDA:353,67,1,5
BRDA:355,68,0,2
BRDA:355,68,1,3
BRDA:357,69,0,2
BRDA:357,69,1,1
BRDA:359,70,0,0
BRDA:359,70,1,1
BRDA:393,71,0,1
BRDA:409,72,0,11
BRDA:411,73,0,5
BRDA:411,73,1,1
BRDA:411,73,2,1
BRDA:411,73,3,0
BRDA:411,73,4,1
BRDA:411,73,5,1
BRDA:411,73,6,3
BRDA:434,74,0,2
BRDA:434,74,1,1
BRDA:436,75,0,1
BRDA:436,75,1,0
BRDA:457,76,0,5
BRDA:457,76,1,1
BRDA:457,76,2,1
BRDA:457,76,3,1
BRDA:457,76,4,1
BRDA:457,76,5,1
BRDA:457,76,6,10
BRDA:457,76,7,1
BRDA:506,77,0,21
BRDA:506,77,1,28
BRDA:509,78,0,2
BRDA:509,78,1,26
BRDA:531,79,0,76
BRDA:531,79,1,63
BRDA:533,80,0,61
BRDA:533,80,1,2
BRDA:14,81,0,1
BRDA:14,81,1,1
BRF:172
BRH:140
end_of_record
TN:
SF:src/chain/tezos/TezosNodeReader.ts
FN:14,(anonymous_8)
FN:22,performGetRequest
FN:26,(anonymous_10)
FN:33,(anonymous_11)
FN:48,getBlock
FN:49,(anonymous_13)
FN:58,getBlockHead
FN:69,getBlockAtOffset
FN:73,(anonymous_17)
FN:85,getAccountForBlock
FN:87,(anonymous_19)
FN:98,getCounterForAccount
FN:100,(anonymous_22)
FN:112,getSpendableBalanceForAccount
FN:114,(anonymous_25)
FN:127,getAccountManagerForBlock
FN:139,isImplicitAndEmpty
FN:155,isManagerKeyRevealedForAccount
FN:160,getContractStorage
FN:173,getValueForBigMapKey
FN:174,(anonymous_34)
FN:184,getMempoolOperation
FN:185,(anonymous_37)
FN:199,estimateBranchTimeout
FN:203,(anonymous_40)
FN:215,getMempoolOperationsForAccount
FN:216,(anonymous_43)
FN:218,(anonymous_44)
FN:218,(anonymous_45)
FN:219,(anonymous_46)
FN:219,(anonymous_47)
FNF:31
FNH:22
FNDA:1,(anonymous_8)
FNDA:17,performGetRequest
FNDA:14,(anonymous_10)
FNDA:14,(anonymous_11)
FNDA:3,getBlock
FNDA:3,(anonymous_13)
FNDA:0,getBlockHead
FNDA:3,getBlockAtOffset
FNDA:0,(anonymous_17)
FNDA:2,getAccountForBlock
FNDA:2,(anonymous_19)
FNDA:3,getCounterForAccount
FNDA:3,(anonymous_22)
FNDA:1,getSpendableBalanceForAccount
FNDA:1,(anonymous_25)
FNDA:2,getAccountManagerForBlock
FNDA:1,isImplicitAndEmpty
FNDA:2,isManagerKeyRevealedForAccount
FNDA:0,getContractStorage
FNDA:0,getValueForBigMapKey
FNDA:0,(anonymous_34)
FNDA:2,getMempoolOperation
FNDA:0,(anonymous_37)
FNDA:0,estimateBranchTimeout
FNDA:0,(anonymous_40)
FNDA:1,getMempoolOperationsForAccount
FNDA:0,(anonymous_43)
FNDA:13,(anonymous_44)
FNDA:13,(anonymous_45)
FNDA:2,(anonymous_46)
FNDA:2,(anonymous_47)
DA:1,1
DA:4,1
DA:5,1
DA:6,1
DA:8,1
DA:9,1
DA:14,1
DA:23,17
DA:25,17
DA:27,14
DA:28,0
DA:29,0
DA:31,14
DA:34,14
DA:35,14
DA:36,14
DA:48,1
DA:49,3
DA:58,1
DA:59,0
DA:69,1
DA:70,3
DA:72,3
DA:73,3
DA:85,1
DA:86,2
DA:87,2
DA:98,1
DA:99,3
DA:100,3
DA:101,3
DA:112,1
DA:113,1
DA:114,1
DA:115,1
DA:127,1
DA:128,2
DA:129,2
DA:139,1
DA:140,1
DA:142,1
DA:143,1
DA:145,1
DA:155,1
DA:156,2
DA:157,2
DA:160,1
DA:161,0
DA:173,1
DA:174,0
DA:184,1
DA:185,2
DA:186,2
DA:188,2
DA:199,1
DA:200,0
DA:201,0
DA:203,0
DA:205,0
DA:215,1
DA:216,1
DA:218,13
DA:219,2
DA:221,1
LF:64
LH:55
BRDA:27,0,0,0
BRDA:27,0,1,14
BRDA:48,1,0,3
BRDA:48,2,0,3
BRDA:69,3,0,3
BRDA:70,4,0,0
BRDA:70,4,1,3
BRDA:85,5,0,2
BRDA:98,6,0,3
BRDA:112,7,0,1
BRDA:127,8,0,2
BRDA:129,9,0,1
BRDA:129,9,1,1
BRDA:145,10,0,1
BRDA:145,10,1,1
BRDA:160,11,0,0
BRDA:160,12,0,0
BRDA:173,13,0,0
BRDA:173,14,0,0
BRDA:184,15,0,2
BRDA:199,16,0,0
BRDA:215,17,0,1
BRDA:218,18,0,13
BRDA:218,18,1,12
BRDA:219,19,0,2
BRDA:219,19,1,1
BRDA:14,20,0,1
BRDA:14,20,1,1
BRF:28
BRH:21
end_of_record
TN:
SF:src/chain/tezos/TezosNodeWriter.ts
FN:25,(anonymous_9)
FN:34,performPostRequest
FN:52,forgeOperations
FN:56,(anonymous_12)
FN:71,forgeOperationsRemotely
FN:79,(anonymous_15)
FN:121,preapplyOperation
FN:154,injectOperation
FN:172,sendOperation
FN:194,queueOperation
FN:204,getQueueStatus
FN:223,appendRevealOperation
FN:238,(anonymous_26)
FN:260,sendTransactionOperation
FN:289,sendDelegationOperation
FN:316,sendUndelegationOperation
FN:335,sendContractOriginationOperation
FN:380,constructContractOriginationOperation
FN:434,sendContractInvocationOperation
FN:459,constructContractInvocationOperation
FN:510,sendContractPing
FN:523,sendKeyRevealOperation
FN:548,sendIdentityActivationOperation
FN:570,testContractInvocationOperation
FN:616,testContractDeployOperation
FN:665,estimateOperation
FN:712,parseRPCError
FN:721,(anonymous_51)
FN:725,(anonymous_52)
FN:726,(anonymous_53)
FN:726,(anonymous_54)
FN:727,(anonymous_55)
FN:728,(anonymous_56)
FN:728,(anonymous_57)
FNF:34
FNH:9
FNDA:1,(anonymous_9)
FNDA:1,performPostRequest
FNDA:0,forgeOperations
FNDA:0,(anonymous_12)
FNDA:1,forgeOperationsRemotely
FNDA:1,(anonymous_15)
FNDA:0,preapplyOperation
FNDA:0,injectOperation
FNDA:3,sendOperation
FNDA:0,queueOperation
FNDA:0,getQueueStatus
FNDA:2,appendRevealOperation
FNDA:1,(anonymous_26)
FNDA:2,sendTransactionOperation
FNDA:0,sendDelegationOperation
FNDA:0,sendUndelegationOperation
FNDA:0,sendContractOriginationOperation
FNDA:0,constructContractOriginationOperation
FNDA:0,sendContractInvocationOperation
FNDA:0,constructContractInvocationOperation
FNDA:0,sendContractPing
FNDA:0,sendKeyRevealOperation
FNDA:1,sendIdentityActivationOperation
FNDA:0,testContractInvocationOperation
FNDA:0,testContractDeployOperation
FNDA:0,estimateOperation
FNDA:0,parseRPCError
FNDA:0,(anonymous_51)
FNDA:0,(anonymous_52)
FNDA:0,(anonymous_53)
FNDA:0,(anonymous_54)
FNDA:0,(anonymous_55)
FNDA:0,(anonymous_56)
FNDA:0,(anonymous_57)
DA:1,1
DA:4,1
DA:5,1
DA:8,1
DA:9,1
DA:10,1
DA:11,1
DA:12,1
DA:14,1
DA:15,1
DA:17,1
DA:18,1
DA:20,1
DA:25,1
DA:35,1
DA:36,1
DA:38,1
DA:40,1
DA:52,1
DA:53,0
DA:54,0
DA:55,0
DA:56,0
DA:58,0
DA:71,1
DA:72,1
DA:73,1
DA:74,1
DA:75,1
DA:76,1
DA:77,1
DA:79,1
DA:80,1
DA:81,1
DA:82,1
DA:83,1
DA:86,1
DA:87,1
DA:89,1
DA:90,1
DA:91,1
DA:92,1
DA:93,1
DA:94,0
DA:96,0
DA:97,0
DA:98,0
DA:100,0
DA:101,0
DA:102,0
DA:108,1
DA:121,1
DA:122,0
DA:129,0
DA:130,0
DA:133,0
DA:134,0
DA:136,0
DA:138,0
DA:139,0
DA:142,0
DA:144,0
DA:154,1
DA:155,0
DA:156,0
DA:158,0
DA:160,0
DA:172,1
DA:173,3
DA:174,0
DA:176,0
DA:178,0
DA:179,0
DA:180,0
DA:181,0
DA:182,0
DA:184,0
DA:194,1
DA:195,0
DA:197,0
DA:198,0
DA:201,0
DA:204,1
DA:205,0
DA:207,0
DA:208,0
DA:211,0
DA:223,1
DA:224,2
DA:225,2
DA:227,2
DA:228,1
DA:238,1
DA:239,1
DA:240,1
DA:243,1
DA:246,1
DA:260,1
DA:261,2
DA:263,2
DA:274,2
DA:276,2
DA:289,1
DA:290,0
DA:292,0
DA:301,0
DA:303,0
DA:316,1
DA:317,0
DA:335,1
DA:349,0
DA:350,0
DA:363,0
DA:364,0
DA:380,1
DA:392,0
DA:393,0
DA:395,0
DA:396,0
DA:397,0
DA:399,0
DA:400,0
DA:401,0
DA:402,0
DA:403,0
DA:406,0
DA:434,1
DA:448,0
DA:450,0
DA:451,0
DA:452,0
DA:459,1
DA:471,0
DA:482,0
DA:483,0
DA:484,0
DA:485,0
DA:486,0
DA:487,0
DA:488,0
DA:489,0
DA:490,0
DA:492,0
DA:493,0
DA:496,0
DA:510,1
DA:511,0
DA:523,1
DA:524,0
DA:526,0
DA:535,0
DA:537,0
DA:548,1
DA:549,1
DA:551,1
DA:570,1
DA:583,0
DA:584,0
DA:597,0
DA:616,1
DA:629,0
DA:630,0
DA:643,0
DA:646,0
DA:647,0
DA:665,1
DA:670,0
DA:671,0
DA:672,0
DA:674,0
DA:675,0
DA:677,0
DA:679,0
DA:681,0
DA:682,0
DA:683,0
DA:685,0
DA:686,0
DA:687,0
DA:691,0
DA:692,0
DA:693,0
DA:695,0
DA:696,0
DA:697,0
DA:698,0
DA:702,0
DA:713,0
DA:715,0
DA:716,0
DA:717,0
DA:719,0
DA:721,0
DA:722,0
DA:725,0
DA:726,0
DA:727,0
DA:728,0
DA:732,0
DA:733,0
DA:735,0
DA:736,0
DA:739,0
DA:744,0
DA:745,0
DA:746,0
LF:206
LH:74
BRDA:34,0,0,0
BRDA:71,1,0,1
BRDA:83,2,0,1
BRDA:83,2,1,0
BRDA:86,3,0,1
BRDA:86,3,1,0
BRDA:92,4,0,1
BRDA:92,4,1,0
BRDA:93,5,0,0
BRDA:93,5,1,1
BRDA:93,6,0,1
BRDA:93,6,1,1
BRDA:93,6,2,1
BRDA:93,6,3,1
BRDA:96,7,0,0
BRDA:96,7,1,0
BRDA:97,8,0,0
BRDA:97,8,1,0
BRDA:97,9,0,0
BRDA:97,9,1,0
BRDA:97,9,2,0
BRDA:100,10,0,0
BRDA:100,10,1,0
BRDA:101,11,0,0
BRDA:101,11,1,0
BRDA:101,12,0,0
BRDA:101,12,1,0
BRDA:101,12,2,0
BRDA:101,12,3,0
BRDA:101,12,4,0
BRDA:101,12,5,0
BRDA:101,12,6,0
BRDA:121,13,0,0
BRDA:154,14,0,0
BRDA:172,15,0,1
BRDA:194,16,0,0
BRDA:197,17,0,0
BRDA:197,17,1,0
BRDA:207,18,0,0
BRDA:207,18,1,0
BRDA:227,19,0,1
BRDA:227,19,1,1
BRDA:260,20,0,2
BRDA:289,21,0,0
BRDA:289,22,0,0
BRDA:316,23,0,0
BRDA:316,24,0,0
BRDA:346,25,0,0
BRDA:347,26,0,0
BRDA:395,27,0,0
BRDA:395,27,1,0
BRDA:401,28,0,0
BRDA:401,28,1,0
BRDA:445,29,0,0
BRDA:446,30,0,0
BRDA:469,31,0,0
BRDA:482,32,0,0
BRDA:482,32,1,0
BRDA:483,33,0,0
BRDA:483,33,1,0
BRDA:485,34,0,0
BRDA:485,34,1,0
BRDA:486,35,0,0
BRDA:486,35,1,0
BRDA:487,36,0,0
BRDA:487,36,1,0
BRDA:488,37,0,0
BRDA:488,37,1,0
BRDA:490,38,0,0
BRDA:490,38,1,0
BRDA:492,39,0,0
BRDA:492,39,1,0
BRDA:523,40,0,0
BRDA:523,41,0,0
BRDA:581,42,0,0
BRDA:627,43,0,0
BRDA:686,44,0,0
BRDA:686,44,1,0
BRDA:687,45,0,0
BRDA:687,45,1,0
BRDA:692,46,0,0
BRDA:692,46,1,0
BRDA:697,47,0,0
BRDA:697,47,1,0
BRDA:698,48,0,0
BRDA:698,48,1,0
BRDA:717,49,0,0
BRDA:717,49,1,0
BRDA:719,50,0,0
BRDA:719,50,1,0
BRDA:722,51,0,0
BRDA:722,51,1,0
BRDA:722,52,0,0
BRDA:722,52,1,0
BRDA:722,52,2,0
BRDA:732,53,0,0
BRDA:732,53,1,0
BRDA:736,54,0,0
BRDA:736,54,1,0
BRDA:736,55,0,0
BRDA:736,55,1,0
BRDA:744,56,0,0
BRDA:744,56,1,0
BRDA:25,57,0,1
BRDA:25,57,1,1
BRF:105
BRH:15
end_of_record
TN:
SF:src/chain/tezos/TezosOperationQueue.ts
FN:22,(anonymous_8)
FN:38,(anonymous_9)
FN:45,(anonymous_10)
FN:48,(anonymous_11)
FN:51,(anonymous_12)
FN:57,(anonymous_13)
FN:61,(anonymous_14)
FN:74,(anonymous_16)
FNF:8
FNH:0
FNDA:0,(anonymous_8)
FNDA:0,(anonymous_9)
FNDA:0,(anonymous_10)
FNDA:0,(anonymous_11)
FNDA:0,(anonymous_12)
FNDA:0,(anonymous_13)
FNDA:0,(anonymous_14)
FNDA:0,(anonymous_16)
DA:2,1
DA:4,1
DA:5,1
DA:7,1
DA:8,1
DA:13,1
DA:20,0
DA:23,0
DA:24,0
DA:25,0
DA:26,0
DA:28,0
DA:39,0
DA:46,0
DA:47,0
DA:48,0
DA:51,0
DA:58,0
DA:62,0
DA:64,0
DA:65,0
DA:66,0
DA:67,0
DA:68,0
DA:69,0
DA:72,0
DA:73,0
DA:74,0
DA:77,0
DA:78,0
DA:80,0
LF:31
LH:6
BRDA:38,0,0,0
BRDA:46,1,0,0
BRDA:46,1,1,0
BRDA:68,2,0,0
BRDA:68,2,1,0
BRDA:72,3,0,0
BRDA:72,3,1,0
BRF:7
BRH:0
end_of_record
TN:
SF:src/chain/tezos/contracts/BabylonDelegationHelper.ts
FN:10,(anonymous_8)
FN:17,verifyDestination
FN:26,verifyScript
FN:30,getSimpleStorage
FN:45,setDelegate
FN:64,unSetDelegate
FN:85,withdrawDelegatedFunds
FN:100,sendDelegatedFunds
FN:124,depositDelegatedFunds
FN:128,deployManagerContract
FNF:10
FNH:1
FNDA:1,(anonymous_8)
FNDA:0,verifyDestination
FNDA:0,verifyScript
FNDA:0,getSimpleStorage
FNDA:0,setDelegate
FNDA:0,unSetDelegate
FNDA:0,withdrawDelegatedFunds
FNDA:0,sendDelegatedFunds
FNDA:0,depositDelegatedFunds
FNDA:0,deployManagerContract
DA:1,1
DA:4,1
DA:5,1
DA:6,1
DA:7,1
DA:8,1
DA:10,1
DA:17,1
DA:18,0
DA:26,1
DA:27,0
DA:30,1
DA:31,0
DA:33,0
DA:45,1
DA:46,0
DA:48,0
DA:50,0
DA:52,0
DA:64,1
DA:65,0
DA:67,0
DA:69,0
DA:71,0
DA:85,1
DA:86,0
DA:100,1
DA:102,0
DA:111,0
DA:124,1
DA:125,0
DA:128,1
DA:129,0
DA:160,0
DA:162,0
LF:35
LH:16
BRDA:46,0,0,0
BRDA:46,0,1,0
BRDA:65,1,0,0
BRDA:65,1,1,0
BRDA:10,2,0,1
BRDA:10,2,1,1
BRF:6
BRH:2
end_of_record
TN:
SF:src/chain/tezos/contracts/CryptonomicNameServiceHelper.ts
FN:14,(anonymous_8)
FN:21,verifyDestination
FN:25,commitName
FN:56,registerName
FN:86,updateRegistrationPeriod
FN:99,setPrimaryName
FN:112,deleteName
FN:125,getNameForAddress
FN:143,getNameInfo
FN:163,getSimpleStorage
FNF:10
FNH:1
FNDA:1,(anonymous_8)
FNDA:0,verifyDestination
FNDA:0,commitName
FNDA:0,registerName
FNDA:0,updateRegistrationPeriod
FNDA:0,setPrimaryName
FNDA:0,deleteName
FNDA:0,getNameForAddress
FNDA:0,getNameInfo
FNDA:0,getSimpleStorage
DA:1,1
DA:4,1
DA:5,1
DA:6,1
DA:7,1
DA:8,1
DA:9,1
DA:14,1
DA:21,1
DA:22,0
DA:25,1
DA:26,0
DA:27,0
DA:28,0
DA:29,0
DA:31,0
DA:32,0
DA:33,0
DA:34,0
DA:37,0
DA:38,0
DA:56,1
DA:57,0
DA:59,0
DA:60,0
DA:61,0
DA:62,0
DA:65,0
DA:66,0
DA:86,1
DA:87,0
DA:89,0
DA:90,0
DA:91,0
DA:92,0
DA:95,0
DA:96,0
DA:99,1
DA:100,0
DA:102,0
DA:103,0
DA:104,0
DA:105,0
DA:108,0
DA:109,0
DA:112,1
DA:113,0
DA:115,0
DA:116,0
DA:117,0
DA:118,0
DA:121,0
DA:122,0
DA:125,1
DA:126,0
DA:128,0
DA:129,0
DA:130,0
DA:133,0
DA:143,1
DA:144,0
DA:145,0
DA:147,0
DA:163,1
DA:164,0
DA:166,0
LF:66
LH:17
BRDA:31,0,0,0
BRDA:31,0,1,0
BRDA:31,1,0,0
BRDA:31,1,1,0
BRDA:33,2,0,0
BRDA:33,2,1,0
BRDA:33,3,0,0
BRDA:33,3,1,0
BRDA:34,4,0,0
BRDA:34,4,1,0
BRDA:59,5,0,0
BRDA:59,5,1,0
BRDA:59,6,0,0
BRDA:59,6,1,0
BRDA:61,7,0,0
BRDA:61,7,1,0
BRDA:61,8,0,0
BRDA:61,8,1,0
BRDA:62,9,0,0
BRDA:62,9,1,0
BRDA:89,10,0,0
BRDA:89,10,1,0
BRDA:89,11,0,0
BRDA:89,11,1,0
BRDA:91,12,0,0
BRDA:91,12,1,0
BRDA:91,13,0,0
BRDA:91,13,1,0
BRDA:92,14,0,0
BRDA:92,14,1,0
BRDA:102,15,0,0
BRDA:102,15,1,0
BRDA:102,16,0,0
BRDA:102,16,1,0
BRDA:104,17,0,0
BRDA:104,17,1,0
BRDA:104,18,0,0
BRDA:104,18,1,0
BRDA:105,19,0,0
BRDA:105,19,1,0
BRDA:115,20,0,0
BRDA:115,20,1,0
BRDA:115,21,0,0
BRDA:115,21,1,0
BRDA:117,22,0,0
BRDA:117,22,1,0
BRDA:117,23,0,0
BRDA:117,23,1,0
BRDA:118,24,0,0
BRDA:118,24,1,0
BRDA:14,25,0,1
BRDA:14,25,1,1
BRF:52
BRH:2
end_of_record
TN:
SF:src/chain/tezos/contracts/DexterTokenHelper.ts
FN:10,(anonymous_8)
FN:17,verifyDestination
FN:35,getBasicStorage
FN:54,getAddressRecord
FN:72,deployContract
FNF:5
FNH:1
FNDA:1,(anonymous_8)
FNDA:0,verifyDestination
FNDA:0,getBasicStorage
FNDA:0,getAddressRecord
FNDA:0,deployContract
DA:1,1
DA:2,1
DA:4,1
DA:5,1
DA:10,1
DA:17,1
DA:18,0
DA:20,0
DA:22,0
DA:24,0
DA:26,0
DA:35,1
DA:36,0
DA:37,0
DA:38,0
DA:39,0
DA:41,0
DA:54,1
DA:55,0
DA:56,0
DA:58,0
DA:60,0
DA:72,1
LF:23
LH:9
BRDA:20,0,0,0
BRDA:20,0,1,0
BRDA:24,1,0,0
BRDA:24,1,1,0
BRDA:58,2,0,0
BRDA:58,2,1,0
BRDA:10,3,0,1
BRDA:10,3,1,1
BRF:8
BRH:2
end_of_record
TN:
SF:src/chain/tezos/contracts/MurbardMultisigHelper.ts
FN:10,(anonymous_8)
FN:17,verifyDestination
FN:34,verifyScript
FN:42,getSimpleStorage
FN:56,deployContract
FN:115,clearRPCOperationGroupHash
FNF:6
FNH:1
FNDA:1,(anonymous_8)
FNDA:0,verifyDestination
FNDA:0,verifyScript
FNDA:0,getSimpleStorage
FNDA:0,deployContract
FNDA:0,clearRPCOperationGroupHash
DA:1,1
DA:2,1
DA:4,1
DA:5,1
DA:6,1
DA:8,1
DA:10,1
DA:17,1
DA:18,0
DA:20,0
DA:22,0
DA:24,0
DA:26,0
DA:34,1
DA:35,0
DA:37,0
DA:39,0
DA:42,1
DA:43,0
DA:45,0
DA:56,1
DA:57,0
DA:59,0
DA:109,0
DA:111,0
DA:112,0
DA:116,0
LF:27
LH:11
BRDA:20,0,0,0
BRDA:20,0,1,0
BRDA:24,1,0,0
BRDA:24,1,1,0
BRDA:37,2,0,0
BRDA:37,2,1,0
BRDA:57,3,0,0
BRDA:57,3,1,0
BRDA:10,4,0,1
BRDA:10,4,1,1
BRF:10
BRH:2
end_of_record
TN:
SF:src/chain/tezos/contracts/StakerDAOTokenHelper.ts
FN:12,(anonymous_8)
FN:20,verifyDestination
FN:29,verifyScript
FN:33,getAccountBalance
FN:48,getSimpleStorage
FN:64,transferBalance
FNF:6
FNH:1
FNDA:1,(anonymous_8)
FNDA:0,verifyDestination
FNDA:0,verifyScript
FNDA:0,getAccountBalance
FNDA:0,getSimpleStorage
FNDA:0,transferBalance
DA:1,1
DA:3,1
DA:4,1
DA:5,1
DA:6,1
DA:7,1
DA:12,1
DA:20,1
DA:21,0
DA:29,1
DA:30,0
DA:33,1
DA:34,0
DA:35,0
DA:37,0
DA:39,0
DA:48,1
DA:49,0
DA:51,0
DA:64,1
DA:65,0
DA:67,0
DA:69,0
LF:23
LH:12
BRDA:37,0,0,0
BRDA:37,0,1,0
BRDA:12,1,0,1
BRDA:12,1,1,1
BRF:4
BRH:2
end_of_record
TN:
SF:src/chain/tezos/contracts/TCFBakerRegistryHelper.ts
FN:12,(anonymous_8)
FN:19,verifyDestination
FN:37,getSimpleStorage
FN:59,updateRegistration
FN:70,queryRegistration
FNF:5
FNH:1
FNDA:1,(anonymous_8)
FNDA:0,verifyDestination
FNDA:0,getSimpleStorage
FNDA:0,updateRegistration
FNDA:0,queryRegistration
DA:1,1
DA:2,1
DA:4,1
DA:5,1
DA:12,1
DA:19,1
DA:20,0
DA:22,0
DA:24,0
DA:26,0
DA:28,0
DA:37,1
DA:38,0
DA:40,0
DA:59,1
DA:70,1
DA:71,0
DA:72,0
DA:74,0
DA:76,0
DA:78,0
DA:80,0
LF:22
LH:9
BRDA:22,0,0,0
BRDA:22,0,1,0
BRDA:26,1,0,0
BRDA:26,1,1,0
BRDA:74,2,0,0
BRDA:74,2,1,0
BRDA:12,3,0,1
BRDA:12,3,1,1
BRF:8
BRH:2
end_of_record
TN:
SF:src/chain/tezos/contracts/TezosContractUtils.ts
FN:9,(anonymous_8)
FN:17,verifyDestination
FN:34,verifyScript
FN:42,clearRPCOperationGroupHash
FNF:4
FNH:1
FNDA:1,(anonymous_8)
FNDA:0,verifyDestination
FNDA:0,verifyScript
FNDA:0,clearRPCOperationGroupHash
DA:1,1
DA:3,1
DA:4,1
DA:9,1
DA:17,1
DA:18,0
DA:20,0
DA:22,0
DA:24,0
DA:26,0
DA:34,1
DA:35,0
DA:37,0
DA:39,0
DA:42,1
DA:43,0
LF:16
LH:7
BRDA:20,0,0,0
BRDA:20,0,1,0
BRDA:24,1,0,0
BRDA:24,1,1,0
BRDA:37,2,0,0
BRDA:37,2,1,0
BRDA:9,3,0,1
BRDA:9,3,1,1
BRF:8
BRH:2
end_of_record
TN:
SF:src/chain/tezos/contracts/TzbtcTokenHelper.ts
FN:14,(anonymous_8)
FN:21,verifyDestination
FN:30,verifyScript
FN:41,getAccountBalance
FN:53,getOperatorList
FN:70,getTokenMetadata
FN:77,getSimpleStorage
FN:86,transferBalance
FN:95,approveBalance
FN:103,mintBalance
FN:111,addOperator
FN:119,queryMap
FNF:12
FNH:1
FNDA:1,(anonymous_8)
FNDA:0,verifyDestination
FNDA:0,verifyScript
FNDA:0,getAccountBalance
FNDA:0,getOperatorList
FNDA:0,getTokenMetadata
FNDA:0,getSimpleStorage
FNDA:0,transferBalance
FNDA:0,approveBalance
FNDA:0,mintBalance
FNDA:0,addOperator
FNDA:0,queryMap
DA:1,1
DA:4,1
DA:5,1
DA:6,1
DA:7,1
DA:8,1
DA:9,1
DA:14,1
DA:21,1
DA:22,0
DA:30,1
DA:31,0
DA:41,1
DA:42,0
DA:44,0
DA:53,1
DA:54,0
DA:56,0
DA:57,0
DA:58,0
DA:61,0
DA:70,1
DA:71,0
DA:77,1
DA:78,0
DA:80,0
DA:86,1
DA:88,0
DA:90,0
DA:92,0
DA:95,1
DA:96,0
DA:98,0
DA:100,0
DA:103,1
DA:104,0
DA:106,0
DA:108,0
DA:111,1
DA:112,0
DA:114,0
DA:116,0
DA:120,0
DA:121,0
DA:122,0
DA:123,0
DA:125,0
DA:126,0
DA:127,0
LF:49
LH:18
BRDA:86,0,0,0
BRDA:86,1,0,0
BRDA:95,2,0,0
BRDA:95,3,0,0
BRDA:103,4,0,0
BRDA:103,5,0,0
BRDA:111,6,0,0
BRDA:111,7,0,0
BRDA:125,8,0,0
BRDA:125,8,1,0
BRDA:14,9,0,1
BRDA:14,9,1,1
BRF:12
BRH:2
end_of_record
TN:
SF:src/chain/tezos/contracts/Tzip7ReferenceTokenHelper.ts
FN:17,(anonymous_8)
FN:25,verifyDestination
FN:34,verifyScript
FN:38,deployContract
FN:48,getAccountBalance
FN:58,getAccountAllowance
FN:65,(anonymous_18)
FN:70,getSimpleStorage
FN:81,getTokenSupply
FN:87,getAdministrator
FN:93,getPaused
FN:99,transferBalance
FN:107,approveBalance
FN:115,activateLedger
FN:123,deactivateLedger
FN:131,setAdministrator
FN:139,mint
FN:147,burn
FNF:18
FNH:1
FNDA:1,(anonymous_8)
FNDA:0,verifyDestination
FNDA:0,verifyScript
FNDA:0,deployContract
FNDA:0,getAccountBalance
FNDA:0,getAccountAllowance
FNDA:0,(anonymous_18)
FNDA:0,getSimpleStorage
FNDA:0,getTokenSupply
FNDA:0,getAdministrator
FNDA:0,getPaused
FNDA:0,transferBalance
FNDA:0,approveBalance
FNDA:0,activateLedger
FNDA:0,deactivateLedger
FNDA:0,setAdministrator
FNDA:0,mint
FNDA:0,burn
DA:1,1
DA:4,1
DA:5,1
DA:6,1
DA:7,1
DA:8,1
DA:17,1
DA:25,1
DA:26,0
DA:34,1
DA:35,0
DA:38,1
DA:39,0
DA:42,0
DA:44,0
DA:45,0
DA:48,1
DA:49,0
DA:50,0
DA:52,0
DA:54,0
DA:55,0
DA:58,1
DA:59,0
DA:60,0
DA:62,0
DA:64,0
DA:65,0
DA:67,0
DA:70,1
DA:71,0
DA:73,0
DA:81,1
DA:82,0
DA:84,0
DA:87,1
DA:88,0
DA:90,0
DA:93,1
DA:94,0
DA:96,0
DA:99,1
DA:100,0
DA:102,0
DA:104,0
DA:107,1
DA:108,0
DA:110,0
DA:112,0
DA:115,1
DA:116,0
DA:118,0
DA:120,0
DA:123,1
DA:124,0
DA:126,0
DA:128,0
DA:131,1
DA:132,0
DA:134,0
DA:136,0
DA:139,1
DA:140,0
DA:142,0
DA:144,0
DA:147,1
DA:148,0
DA:150,0
DA:152,0
LF:69
LH:23
BRDA:38,0,0,0
BRDA:38,1,0,0
BRDA:38,2,0,0
BRDA:38,3,0,0
BRDA:42,4,0,0
BRDA:42,4,1,0
BRDA:52,5,0,0
BRDA:52,5,1,0
BRDA:62,6,0,0
BRDA:62,6,1,0
BRDA:139,7,0,0
BRDA:139,8,0,0
BRDA:17,9,0,1
BRDA:17,9,1,1
BRF:14
BRH:2
end_of_record
TN:
SF:src/chain/tezos/contracts/tzip12/MultiAssetTokenHelper.ts
FN:37,(anonymous_8)
FN:45,verifyDestination
FN:54,verifyScript
FN:74,deployContract
FN:89,getSimpleStorage
FN:108,getTokenDefinition
FN:134,activate
FN:153,deactivate
FN:162,changeAdministrator
FN:182,mint
FN:191,transfer
FN:193,(anonymous_28)
FN:200,getAccountBalance
FNF:13
FNH:1
FNDA:1,(anonymous_8)
FNDA:0,verifyDestination
FNDA:0,verifyScript
FNDA:0,deployContract
FNDA:0,getSimpleStorage
FNDA:0,getTokenDefinition
FNDA:0,activate
FNDA:0,deactivate
FNDA:0,changeAdministrator
FNDA:0,mint
FNDA:0,transfer
FNDA:0,(anonymous_28)
FNDA:0,getAccountBalance
DA:1,1
DA:3,1
DA:4,1
DA:5,1
DA:6,1
DA:7,1
DA:37,1
DA:45,1
DA:46,0
DA:54,1
DA:55,0
DA:74,1
DA:75,0
DA:78,0
DA:80,0
DA:81,0
DA:89,1
DA:90,0
DA:92,0
DA:108,1
DA:109,0
DA:110,0
DA:112,0
DA:114,0
DA:134,1
DA:135,0
DA:136,0
DA:138,0
DA:140,0
DA:153,1
DA:154,0
DA:155,0
DA:157,0
DA:159,0
DA:162,1
DA:163,0
DA:164,0
DA:166,0
DA:168,0
DA:182,1
DA:183,0
DA:184,0
DA:186,0
DA:188,0
DA:191,1
DA:192,0
DA:193,0
DA:195,0
DA:197,0
DA:200,1
DA:201,0
DA:202,0
DA:204,0
DA:206,0
DA:208,0
DA:209,0
LF:56
LH:18
BRDA:74,0,0,0
BRDA:74,1,0,0
BRDA:74,2,0,0
BRDA:74,3,0,0
BRDA:78,4,0,0
BRDA:78,4,1,0
BRDA:108,5,0,0
BRDA:112,6,0,0
BRDA:112,6,1,0
BRDA:134,7,0,0
BRDA:134,8,0,0
BRDA:153,9,0,0
BRDA:153,10,0,0
BRDA:162,11,0,0
BRDA:162,12,0,0
BRDA:182,13,0,0
BRDA:182,14,0,0
BRDA:191,15,0,0
BRDA:191,16,0,0
BRDA:206,17,0,0
BRDA:206,17,1,0
BRDA:37,18,0,1
BRDA:37,18,1,1
BRF:23
BRH:2
end_of_record
TN:
SF:src/chain/tezos/contracts/tzip12/SingleAssetTokenHelper.ts
FN:43,(anonymous_8)
FN:51,verifyDestination
FN:60,verifyScript
FN:80,deployContract
FN:95,getSimpleStorage
FN:115,getTokenDefinition
FN:139,activate
FN:158,deactivate
FN:178,mint
FN:180,(anonymous_24)
FN:204,transfer
FN:206,(anonymous_27)
FN:223,getAccountBalance
FNF:13
FNH:1
FNDA:1,(anonymous_8)
FNDA:0,verifyDestination
FNDA:0,verifyScript
FNDA:0,deployContract
FNDA:0,getSimpleStorage
FNDA:0,getTokenDefinition
FNDA:0,activate
FNDA:0,deactivate
FNDA:0,mint
FNDA:0,(anonymous_24)
FNDA:0,transfer
FNDA:0,(anonymous_27)
FNDA:0,getAccountBalance
DA:1,1
DA:3,1
DA:4,1
DA:5,1
DA:7,1
DA:8,1
DA:43,1
DA:51,1
DA:52,0
DA:60,1
DA:61,0
DA:80,1
DA:81,0
DA:84,0
DA:86,0
DA:87,0
DA:95,1
DA:96,0
DA:98,0
DA:115,1
DA:116,0
DA:117,0
DA:119,0
DA:121,0
DA:139,1
DA:140,0
DA:141,0
DA:143,0
DA:145,0
DA:158,1
DA:159,0
DA:160,0
DA:162,0
DA:164,0
DA:178,1
DA:179,0
DA:180,0
DA:182,0
DA:184,0
DA:204,1
DA:205,0
DA:206,0
DA:208,0
DA:210,0
DA:223,1
DA:224,0
DA:225,0
DA:227,0
DA:229,0
DA:230,0
LF:50
LH:17
BRDA:80,0,0,0
BRDA:80,1,0,0
BRDA:80,2,0,0
BRDA:80,3,0,0
BRDA:84,4,0,0
BRDA:84,4,1,0
BRDA:115,5,0,0
BRDA:119,6,0,0
BRDA:119,6,1,0
BRDA:139,7,0,0
BRDA:139,8,0,0
BRDA:158,9,0,0
BRDA:158,10,0,0
BRDA:178,11,0,0
BRDA:178,12,0,0
BRDA:204,13,0,0
BRDA:204,14,0,0
BRDA:227,15,0,0
BRDA:227,15,1,0
BRDA:43,16,0,1
BRDA:43,16,1,1
BRF:21
BRH:2
end_of_record
TN:
SF:src/reporting/ConseilDataClient.ts
FN:12,(anonymous_8)
FN:22,executeEntityQuery
FN:31,(anonymous_11)
FN:38,(anonymous_12)
FNF:4
FNH:4
FNDA:1,(anonymous_8)
FNDA:16,executeEntityQuery
FNDA:16,(anonymous_11)
FNDA:15,(anonymous_12)
DA:2,1
DA:3,1
DA:4,1
DA:6,1
DA:7,1
DA:12,1
DA:22,1
DA:23,16
DA:24,16
DA:26,16
DA:32,16
DA:33,1
DA:34,1
DA:36,15
DA:39,15
DA:40,15
DA:42,15
DA:44,15
LF:18
LH:18
BRDA:32,0,0,1
BRDA:32,0,1,15
BRDA:40,1,0,14
BRDA:40,1,1,1
BRDA:42,2,0,14
BRDA:42,2,1,1
BRDA:12,3,0,1
BRDA:12,3,1,1
BRF:8
BRH:8
end_of_record
TN:
SF:src/reporting/ConseilMetadataClient.ts
FN:13,(anonymous_8)
FN:14,executeMetadataQuery
FN:19,(anonymous_11)
FN:24,(anonymous_12)
FN:25,(anonymous_13)
FN:36,getPlatforms
FN:48,getNetworks
FN:61,getEntities
FN:75,getAttributes
FN:90,getAttributeValues
FN:106,getAttributeValuesForPrefix
FNF:11
FNH:11
FNDA:1,(anonymous_8)
FNDA:7,executeMetadataQuery
FNDA:7,(anonymous_11)
FNDA:7,(anonymous_12)
FNDA:1,(anonymous_13)
FNDA:1,getPlatforms
FNDA:1,getNetworks
FNDA:1,getEntities
FNDA:1,getAttributes
FNDA:1,getAttributeValues
FNDA:2,getAttributeValuesForPrefix
DA:2,1
DA:4,1
DA:5,1
DA:7,1
DA:8,1
DA:13,1
DA:14,1
DA:15,7
DA:20,7
DA:21,7
DA:24,7
DA:26,1
DA:36,1
DA:37,1
DA:48,1
DA:49,1
DA:61,1
DA:62,1
DA:75,1
DA:76,1
DA:90,1
DA:91,1
DA:106,1
DA:107,2
LF:24
LH:24
BRDA:20,0,0,0
BRDA:20,0,1,7
BRDA:13,1,0,1
BRDA:13,1,1,1
BRF:4
BRH:3
end_of_record
TN:
SF:src/reporting/ConseilQueryBuilder.ts
FN:3,(anonymous_0)
FN:7,blankQuery
FN:23,addFields
FN:26,(anonymous_3)
FN:42,addPredicate
FN:64,addOrdering
FN:78,setLimit
FN:93,setOutputType
FN:107,addAggregationFunction
FNF:9
FNH:9
FNDA:1,(anonymous_0)
FNDA:34,blankQuery
FNDA:3,addFields
FNDA:6,(anonymous_3)
FNDA:17,addPredicate
FNDA:6,addOrdering
FNDA:25,setLimit
FNDA:2,setOutputType
FNDA:2,addAggregationFunction
DA:1,1
DA:3,1
DA:7,1
DA:8,34
DA:23,1
DA:24,3
DA:25,3
DA:26,6
DA:27,3
DA:29,3
DA:42,1
DA:43,17
DA:44,1
DA:45,16
DA:46,1
DA:47,15
DA:48,1
DA:51,14
DA:52,14
DA:54,14
DA:64,1
DA:66,6
DA:67,6
DA:69,6
DA:78,1
DA:79,25
DA:81,24
DA:82,24
DA:84,24
DA:93,1
DA:94,2
DA:95,2
DA:97,2
DA:107,1
DA:108,2
DA:110,1
DA:111,1
DA:113,1
LF:38
LH:38
BRDA:42,0,0,5
BRDA:42,1,0,17
BRDA:43,2,0,1
BRDA:43,2,1,16
BRDA:43,3,0,17
BRDA:43,3,1,1
BRDA:45,4,0,1
BRDA:45,4,1,15
BRDA:45,5,0,16
BRDA:45,5,1,2
BRDA:47,6,0,1
BRDA:47,6,1,14
BRDA:47,7,0,15
BRDA:47,7,1,2
BRDA:47,7,2,1
BRDA:47,7,3,1
BRDA:64,8,0,1
BRDA:79,9,0,1
BRDA:79,9,1,24
BRDA:108,10,0,1
BRDA:108,10,1,1
BRDA:3,11,0,1
BRDA:3,11,1,1
BRF:23
BRH:23
end_of_record
TN:
SF:src/reporting/tezos/TezosConseilClient.ts
FN:10,(anonymous_7)
FN:28,getTezosEntityData
FN:38,getBlockHead
FN:52,getBlock
FN:68,getBlockByLevel
FN:82,getAccount
FN:96,getOperationGroup
FN:110,getOperation
FN:126,getBlocks
FN:139,getAccounts
FN:152,getOperationGroups
FN:165,getOperations
FN:176,getFeeStatistics
FN:185,getProposals
FN:189,getBakers
FN:193,getBallots
FN:208,awaitOperationConfirmation
FN:222,(anonymous_40)
FN:239,awaitOperationForkConfirmation
FN:245,(anonymous_43)
FN:251,(anonymous_44)
FN:273,getBigMapData
FN:281,(anonymous_47)
FN:284,(anonymous_48)
FN:292,(anonymous_49)
FN:312,getBigMapValueForKey
FN:348,fastBlockContinuity
FN:350,(anonymous_53)
FN:350,(anonymous_54)
FN:378,slowBlockContinuity
FN:388,getEntityQueryForId
FNF:31
FNH:16
FNDA:1,(anonymous_7)
FNDA:16,getTezosEntityData
FNDA:1,getBlockHead
FNDA:2,getBlock
FNDA:1,getBlockByLevel
FNDA:2,getAccount
FNDA:1,getOperationGroup
FNDA:0,getOperation
FNDA:1,getBlocks
FNDA:1,getAccounts
FNDA:1,getOperationGroups
FNDA:2,getOperations
FNDA:1,getFeeStatistics
FNDA:1,getProposals
FNDA:1,getBakers
FNDA:1,getBallots
FNDA:0,awaitOperationConfirmation
FNDA:0,(anonymous_40)
FNDA:0,awaitOperationForkConfirmation
FNDA:0,(anonymous_43)
FNDA:0,(anonymous_44)
FNDA:0,getBigMapData
FNDA:0,(anonymous_47)
FNDA:0,(anonymous_48)
FNDA:0,(anonymous_49)
FNDA:0,getBigMapValueForKey
FNDA:0,fastBlockContinuity
FNDA:0,(anonymous_53)
FNDA:0,(anonymous_54)
FNDA:0,slowBlockContinuity
FNDA:6,getEntityQueryForId
DA:1,1
DA:2,1
DA:3,1
DA:10,1
DA:11,1
DA:12,1
DA:13,1
DA:14,1
DA:15,1
DA:16,1
DA:17,1
DA:18,1
DA:28,1
DA:29,16
DA:38,1
DA:39,1
DA:41,1
DA:42,1
DA:52,1
DA:53,2
DA:55,2
DA:57,2
DA:58,1
DA:68,1
DA:69,1
DA:71,1
DA:72,1
DA:82,1
DA:83,2
DA:85,2
DA:86,2
DA:96,1
DA:97,1
DA:99,1
DA:100,1
DA:110,1
DA:111,0
DA:113,0
DA:114,0
DA:126,1
DA:127,1
DA:139,1
DA:140,1
DA:152,1
DA:153,1
DA:165,1
DA:166,2
DA:176,1
DA:177,1
DA:178,1
DA:179,1
DA:180,1
DA:182,1
DA:185,1
DA:186,1
DA:189,1
DA:190,1
DA:193,1
DA:194,1
DA:208,1
DA:209,0
DA:210,0
DA:211,0
DA:212,0
DA:213,0
DA:214,0
DA:215,0
DA:217,0
DA:218,0
DA:219,0
DA:220,0
DA:221,0
DA:222,0
DA:225,0
DA:239,1
DA:240,0
DA:241,0
DA:242,0
DA:243,0
DA:245,0
DA:247,0
DA:248,0
DA:249,0
DA:250,0
DA:251,0
DA:254,0
DA:255,0
DA:256,0
DA:257,0
DA:258,0
DA:260,0
DA:261,0
DA:263,0
DA:273,1
DA:274,0
DA:276,0
DA:277,0
DA:279,0
DA:281,0
DA:282,0
DA:284,0
DA:285,0
DA:287,0
DA:288,0
DA:289,0
DA:291,0
DA:292,0
DA:293,0
DA:296,0
DA:299,0
DA:312,1
DA:313,0
DA:314,0
DA:315,0
DA:317,0
DA:318,0
DA:319,0
DA:320,0
DA:321,0
DA:323,0
DA:325,0
DA:326,0
DA:329,0
DA:330,0
DA:331,0
DA:332,0
DA:333,0
DA:335,0
DA:337,0
DA:349,0
DA:350,0
DA:351,0
DA:353,0
DA:354,0
DA:357,0
DA:358,0
DA:363,0
DA:364,0
DA:368,0
DA:379,0
DA:388,1
DA:389,6
DA:391,6
DA:392,2
DA:393,2
DA:395,1
DA:396,4
DA:397,4
DA:399,4
DA:400,1
DA:401,3
DA:402,1
DA:403,2
DA:404,1
DA:405,1
DA:409,1
LF:156
LH:76
BRDA:53,0,0,0
BRDA:53,0,1,2
BRDA:208,1,0,0
BRDA:209,2,0,0
BRDA:209,2,1,0
BRDA:219,3,0,0
BRDA:219,3,1,0
BRDA:221,4,0,0
BRDA:221,4,1,0
BRDA:225,5,0,0
BRDA:225,5,1,0
BRDA:250,6,0,0
BRDA:250,6,1,0
BRDA:260,7,0,0
BRDA:260,7,1,0
BRDA:274,8,0,0
BRDA:274,8,1,0
BRDA:279,9,0,0
BRDA:279,9,1,0
BRDA:281,10,0,0
BRDA:281,10,1,0
BRDA:284,11,0,0
BRDA:284,11,1,0
BRDA:312,12,0,0
BRDA:312,13,0,0
BRDA:313,14,0,0
BRDA:313,14,1,0
BRDA:314,15,0,0
BRDA:314,15,1,0
BRDA:315,16,0,0
BRDA:315,16,1,0
BRDA:315,17,0,0
BRDA:315,17,1,0
BRDA:317,18,0,0
BRDA:317,18,1,0
BRDA:317,19,0,0
BRDA:317,19,1,0
BRDA:325,20,0,0
BRDA:325,20,1,0
BRDA:335,21,0,0
BRDA:335,21,1,0
BRDA:351,22,0,0
BRDA:351,22,1,0
BRDA:353,23,0,0
BRDA:353,23,1,0
BRDA:357,24,0,0
BRDA:357,24,1,0
BRDA:358,25,0,0
BRDA:358,25,1,0
BRDA:358,25,2,0
BRDA:358,25,3,0
BRDA:363,26,0,0
BRDA:363,26,1,0
BRDA:391,27,0,2
BRDA:391,27,1,4
BRDA:393,28,0,1
BRDA:393,28,1,1
BRDA:396,29,0,4
BRDA:396,29,1,0
BRDA:399,30,0,1
BRDA:399,30,1,3
BRDA:399,31,0,4
BRDA:399,31,1,4
BRDA:399,31,2,4
BRDA:399,31,3,3
BRDA:401,32,0,1
BRDA:401,32,1,2
BRDA:403,33,0,1
BRDA:403,33,1,1
BRDA:10,34,0,1
BRDA:10,34,1,1
BRF:71
BRH:18
end_of_record
TN:
SF:src/types/ErrorTypes.ts
FN:11,(anonymous_0)
FN:31,(anonymous_1)
FNF:2
FNH:2
FNDA:2,(anonymous_0)
FNDA:1,(anonymous_1)
DA:5,1
DA:12,2
DA:14,2
DA:15,2
DA:16,2
DA:17,2
DA:24,1
DA:32,1
DA:34,1
DA:35,1
DA:36,1
DA:37,1
DA:38,1
LF:13
LH:13
BRF:0
BRH:0
end_of_record
TN:
SF:src/types/ExternalInterfaces.ts
FN:1,(anonymous_0)
FN:24,(anonymous_1)
FN:30,(anonymous_2)
FNF:3
FNH:3
FNDA:1,(anonymous_0)
FNDA:1,(anonymous_1)
FNDA:1,(anonymous_2)
DA:1,1
DA:2,1
DA:3,1
DA:4,1
DA:24,1
DA:25,1
DA:26,1
DA:27,1
DA:30,1
DA:31,1
DA:32,1
DA:33,1
LF:12
LH:12
BRDA:1,0,0,1
BRDA:1,0,1,1
BRDA:24,1,0,1
BRDA:24,1,1,1
BRDA:30,2,0,1
BRDA:30,2,1,1
BRF:6
BRH:6
end_of_record
TN:
SF:src/types/conseil/ConseilErrorTypes.ts
FN:10,(anonymous_0)
FN:16,(anonymous_1)
FN:27,(anonymous_2)
FNF:3
FNH:3
FNDA:2,(anonymous_0)
FNDA:1,(anonymous_1)
FNDA:1,(anonymous_2)
DA:1,1
DA:7,1
DA:11,2
DA:13,2
DA:17,1
DA:24,1
DA:28,1
DA:30,1
LF:8
LH:8
BRF:0
BRH:0
end_of_record
TN:
SF:src/types/conseil/MetadataTypes.ts
FN:59,(anonymous_0)
FN:70,(anonymous_1)
FNF:2
FNH:2
FNDA:1,(anonymous_0)
FNDA:1,(anonymous_1)
DA:59,1
DA:60,1
DA:61,1
DA:62,1
DA:63,1
DA:64,1
DA:65,1
DA:66,1
DA:67,1
DA:70,1
DA:71,1
DA:72,1
DA:73,1
LF:13
LH:13
BRDA:59,0,0,1
BRDA:59,0,1,1
BRDA:70,1,0,1
BRDA:70,1,1,1
BRF:4
BRH:4
end_of_record
TN:
SF:src/types/conseil/QueryTypes.ts
FN:7,(anonymous_0)
FN:12,(anonymous_1)
FN:26,(anonymous_2)
FN:34,(anonymous_3)
FNF:4
FNH:4
FNDA:1,(anonymous_0)
FNDA:1,(anonymous_1)
FNDA:1,(anonymous_2)
FNDA:1,(anonymous_3)
DA:7,1
DA:8,1
DA:9,1
DA:12,1
DA:13,1
DA:14,1
DA:15,1
DA:16,1
DA:17,1
DA:18,1
DA:19,1
DA:20,1
DA:21,1
DA:22,1
DA:23,1
DA:26,1
DA:27,1
DA:28,1
DA:29,1
DA:30,1
DA:31,1
DA:34,1
DA:35,1
DA:36,1
LF:24
LH:24
BRDA:7,0,0,1
BRDA:7,0,1,1
BRDA:12,1,0,1
BRDA:12,1,1,1
BRDA:26,2,0,1
BRDA:26,2,1,1
BRDA:34,3,0,1
BRDA:34,3,1,1
BRF:8
BRH:8
end_of_record
TN:
SF:src/types/tezos/TezosChainTypes.ts
FN:44,(anonymous_0)
FN:58,(anonymous_1)
FNF:2
FNH:2
FNDA:1,(anonymous_0)
FNDA:1,(anonymous_1)
DA:44,1
DA:45,1
DA:46,1
DA:47,1
DA:48,1
DA:49,1
DA:50,1
DA:51,1
DA:52,1
DA:53,1
DA:54,1
DA:55,1
DA:58,1
DA:59,1
DA:60,1
DA:61,1
LF:16
LH:16
BRDA:44,0,0,1
BRDA:44,0,1,1
BRDA:58,1,0,1
BRDA:58,1,1,1
BRF:4
BRH:4
end_of_record
TN:
SF:src/types/tezos/TezosConstants.ts
FN:1,(anonymous_0)
FNF:1
FNH:1
FNDA:1,(anonymous_0)
DA:1,1
DA:2,1
DA:3,1
DA:4,1
DA:5,1
DA:6,1
DA:7,1
DA:8,1
DA:9,1
DA:10,1
DA:11,1
DA:12,1
DA:13,1
DA:14,1
DA:19,1
DA:24,1
LF:16
LH:16
BRDA:1,0,0,1
BRDA:1,0,1,1
BRF:2
BRH:2
end_of_record
TN:
SF:src/types/tezos/TezosErrorTypes.ts
FN:9,(anonymous_0)
FN:15,(anonymous_1)
FN:27,(anonymous_2)
FN:38,(anonymous_3)
FNF:4
FNH:1
FNDA:0,(anonymous_0)
FNDA:0,(anonymous_1)
FNDA:0,(anonymous_2)
FNDA:1,(anonymous_3)
DA:1,1
DA:6,1
DA:10,0
DA:12,0
DA:16,0
DA:23,1
DA:28,0
DA:30,0
DA:31,0
DA:38,1
DA:42,1
DA:46,1
DA:52,1
LF:13
LH:7
BRDA:38,0,0,1
BRDA:38,0,1,1
BRF:2
BRH:2
end_of_record
TN:
SF:src/types/tezos/TezosP2PMessageTypes.ts
FN:19,(anonymous_0)
FNF:1
FNH:1
FNDA:1,(anonymous_0)
DA:19,1
DA:20,1
DA:21,1
DA:22,1
LF:4
LH:4
BRDA:19,0,0,1
BRDA:19,0,1,1
BRF:2
BRH:2
end_of_record
TN:
SF:src/utils/FetchSelector.ts
FN:10,(anonymous_0)
FN:14,(anonymous_1)
FNF:2
FNH:2
FNDA:5,(anonymous_0)
FNDA:41,(anonymous_1)
DA:7,1
DA:11,5
DA:14,41
LF:3
LH:3
BRF:0
BRH:0
end_of_record
TN:
SF:src/utils/LoggerSelector.ts
FN:7,(anonymous_0)
FNF:1
FNH:1
FNDA:4,(anonymous_0)
DA:4,1
DA:5,1
DA:8,4
LF:3
LH:3
BRF:0
BRH:0
end_of_record
